# JRE version: Java(TM) SE Runtime Environment (8.0_51-b16) (build 1.8.0_51-b16)
# Java VM: Java HotSpot(TM) 64-Bit Server VM (25.51-b03 mixed mode bsd-amd64 compressed oops)
Heap:
 PSYoungGen      total 138240K, used 23103K [0x0000000795580000, 0x000000079e180000, 0x00000007c0000000)
  eden space 133120K, 17% used [0x0000000795580000,0x0000000796c0fd90,0x000000079d780000)
  from space 5120K, 0% used [0x000000079dc80000,0x000000079dc80000,0x000000079e180000)
  to   space 5120K, 0% used [0x000000079d780000,0x000000079d780000,0x000000079dc80000)
 ParOldGen       total 67072K, used 10063K [0x0000000740000000, 0x0000000744180000, 0x0000000795580000)
  object space 67072K, 15% used [0x0000000740000000,0x00000007409d3ed0,0x0000000744180000)
 Metaspace       used 23250K, capacity 23680K, committed 24192K, reserved 1069056K
  class space    used 3756K, capacity 3890K, committed 3968K, reserved 1048576K
GC Heap History (10 events):
Event: 0.437 GC heap before
{Heap before GC invocations=1 (full 0):
 PSYoungGen      total 38400K, used 33280K [0x0000000795580000, 0x0000000798000000, 0x00000007c0000000)
  eden space 33280K, 100% used [0x0000000795580000,0x0000000797600000,0x0000000797600000)
  from space 5120K, 0% used [0x0000000797b00000,0x0000000797b00000,0x0000000798000000)
  to   space 5120K, 0% used [0x0000000797600000,0x0000000797600000,0x0000000797b00000)
 ParOldGen       total 87552K, used 0K [0x0000000740000000, 0x0000000745580000, 0x0000000795580000)
  object space 87552K, 0% used [0x0000000740000000,0x0000000740000000,0x0000000745580000)
 Metaspace       used 7004K, capacity 7218K, committed 7424K, reserved 1056768K
  class space    used 893K, capacity 939K, committed 1024K, reserved 1048576K
Event: 0.443 GC heap after
Heap after GC invocations=1 (full 0):
 PSYoungGen      total 38400K, used 3714K [0x0000000795580000, 0x000000079a080000, 0x00000007c0000000)
  eden space 33280K, 0% used [0x0000000795580000,0x0000000795580000,0x0000000797600000)
  from space 5120K, 72% used [0x0000000797600000,0x00000007979a08f0,0x0000000797b00000)
  to   space 5120K, 0% used [0x0000000799b80000,0x0000000799b80000,0x000000079a080000)
 ParOldGen       total 87552K, used 8K [0x0000000740000000, 0x0000000745580000, 0x0000000795580000)
  object space 87552K, 0% used [0x0000000740000000,0x0000000740002000,0x0000000745580000)
 Metaspace       used 7004K, capacity 7218K, committed 7424K, reserved 1056768K
  class space    used 893K, capacity 939K, committed 1024K, reserved 1048576K
}
Event: 0.701 GC heap before
{Heap before GC invocations=2 (full 0):
 PSYoungGen      total 38400K, used 36994K [0x0000000795580000, 0x000000079a080000, 0x00000007c0000000)
  eden space 33280K, 100% used [0x0000000795580000,0x0000000797600000,0x0000000797600000)
  from space 5120K, 72% used [0x0000000797600000,0x00000007979a08f0,0x0000000797b00000)
  to   space 5120K, 0% used [0x0000000799b80000,0x0000000799b80000,0x000000079a080000)
 ParOldGen       total 87552K, used 8K [0x0000000740000000, 0x0000000745580000, 0x0000000795580000)
  object space 87552K, 0% used [0x0000000740000000,0x0000000740002000,0x0000000745580000)
 Metaspace       used 12144K, capacity 12450K, committed 12672K, reserved 1060864K
  class space    used 1495K, capacity 1593K, committed 1664K, reserved 1048576K
Event: 0.706 GC heap after
Heap after GC invocations=2 (full 0):
 PSYoungGen      total 71680K, used 5093K [0x0000000795580000, 0x000000079a080000, 0x00000007c0000000)
  eden space 66560K, 0% used [0x0000000795580000,0x0000000795580000,0x0000000799680000)
  from space 5120K, 99% used [0x0000000799b80000,0x000000079a079438,0x000000079a080000)
  to   space 5120K, 0% used [0x0000000799680000,0x0000000799680000,0x0000000799b80000)
 ParOldGen       total 87552K, used 1152K [0x0000000740000000, 0x0000000745580000, 0x0000000795580000)
  object space 87552K, 1% used [0x0000000740000000,0x0000000740120308,0x0000000745580000)
 Metaspace       used 12144K, capacity 12450K, committed 12672K, reserved 1060864K
  class space    used 1495K, capacity 1593K, committed 1664K, reserved 1048576K
}
Event: 1.036 GC heap before
{Heap before GC invocations=3 (full 0):
 PSYoungGen      total 71680K, used 71653K [0x0000000795580000, 0x000000079a080000, 0x00000007c0000000)
  eden space 66560K, 100% used [0x0000000795580000,0x0000000799680000,0x0000000799680000)
  from space 5120K, 99% used [0x0000000799b80000,0x000000079a079438,0x000000079a080000)
  to   space 5120K, 0% used [0x0000000799680000,0x0000000799680000,0x0000000799b80000)
 ParOldGen       total 87552K, used 1152K [0x0000000740000000, 0x0000000745580000, 0x0000000795580000)
  object space 87552K, 1% used [0x0000000740000000,0x0000000740120308,0x0000000745580000)
 Metaspace       used 17476K, capacity 17848K, committed 18304K, reserved 1064960K
  class space    used 2994K, capacity 3106K, committed 3200K, reserved 1048576K
Event: 1.044 GC heap after
Heap after GC invocations=3 (full 0):
 PSYoungGen      total 71680K, used 5106K [0x0000000795580000, 0x000000079e180000, 0x00000007c0000000)
  eden space 66560K, 0% used [0x0000000795580000,0x0000000795580000,0x0000000799680000)
  from space 5120K, 99% used [0x0000000799680000,0x0000000799b7c940,0x0000000799b80000)
  to   space 5120K, 0% used [0x000000079dc80000,0x000000079dc80000,0x000000079e180000)
 ParOldGen       total 87552K, used 6576K [0x0000000740000000, 0x0000000745580000, 0x0000000795580000)
  object space 87552K, 7% used [0x0000000740000000,0x000000074066c3e8,0x0000000745580000)
 Metaspace       used 17476K, capacity 17848K, committed 18304K, reserved 1064960K
  class space    used 2994K, capacity 3106K, committed 3200K, reserved 1048576K
}
Event: 1.287 GC heap before
{Heap before GC invocations=4 (full 0):
 PSYoungGen      total 71680K, used 32721K [0x0000000795580000, 0x000000079e180000, 0x00000007c0000000)
  eden space 66560K, 41% used [0x0000000795580000,0x0000000797077ca0,0x0000000799680000)
  from space 5120K, 99% used [0x0000000799680000,0x0000000799b7c940,0x0000000799b80000)
  to   space 5120K, 0% used [0x000000079dc80000,0x000000079dc80000,0x000000079e180000)
 ParOldGen       total 87552K, used 6576K [0x0000000740000000, 0x0000000745580000, 0x0000000795580000)
  object space 87552K, 7% used [0x0000000740000000,0x000000074066c3e8,0x0000000745580000)
 Metaspace       used 20640K, capacity 21014K, committed 21248K, reserved 1067008K
  class space    used 3450K, capacity 3563K, committed 3584K, reserved 1048576K
Event: 1.296 GC heap after
Heap after GC invocations=4 (full 0):
 PSYoungGen      total 138240K, used 5106K [0x0000000795580000, 0x000000079e180000, 0x00000007c0000000)
  eden space 133120K, 0% used [0x0000000795580000,0x0000000795580000,0x000000079d780000)
  from space 5120K, 99% used [0x000000079dc80000,0x000000079e17c920,0x000000079e180000)
  to   space 5120K, 0% used [0x000000079d780000,0x000000079d780000,0x000000079dc80000)
 ParOldGen       total 87552K, used 9898K [0x0000000740000000, 0x0000000745580000, 0x0000000795580000)
  object space 87552K, 11% used [0x0000000740000000,0x00000007409aa890,0x0000000745580000)
 Metaspace       used 20640K, capacity 21014K, committed 21248K, reserved 1067008K
  class space    used 3450K, capacity 3563K, committed 3584K, reserved 1048576K
}
Event: 1.296 GC heap before
{Heap before GC invocations=5 (full 1):
 PSYoungGen      total 138240K, used 5106K [0x0000000795580000, 0x000000079e180000, 0x00000007c0000000)
  eden space 133120K, 0% used [0x0000000795580000,0x0000000795580000,0x000000079d780000)
  from space 5120K, 99% used [0x000000079dc80000,0x000000079e17c920,0x000000079e180000)
  to   space 5120K, 0% used [0x000000079d780000,0x000000079d780000,0x000000079dc80000)
 ParOldGen       total 87552K, used 9898K [0x0000000740000000, 0x0000000745580000, 0x0000000795580000)
  object space 87552K, 11% used [0x0000000740000000,0x00000007409aa890,0x0000000745580000)
 Metaspace       used 20640K, capacity 21014K, committed 21248K, reserved 1067008K
  class space    used 3450K, capacity 3563K, committed 3584K, reserved 1048576K
Event: 1.326 GC heap after
Heap after GC invocations=5 (full 1):
 PSYoungGen      total 138240K, used 0K [0x0000000795580000, 0x000000079e180000, 0x00000007c0000000)
  eden space 133120K, 0% used [0x0000000795580000,0x0000000795580000,0x000000079d780000)
  from space 5120K, 0% used [0x000000079dc80000,0x000000079dc80000,0x000000079e180000)
  to   space 5120K, 0% used [0x000000079d780000,0x000000079d780000,0x000000079dc80000)
 ParOldGen       total 67072K, used 10063K [0x0000000740000000, 0x0000000744180000, 0x0000000795580000)
  object space 67072K, 15% used [0x0000000740000000,0x00000007409d3ed0,0x0000000744180000)
 Metaspace       used 20640K, capacity 21014K, committed 21248K, reserved 1067008K
  class space    used 3450K, capacity 3563K, committed 3584K, reserved 1048576K
}

